<?xml version="1.0" encoding="UTF-8"?>
<!-- Generated by org.testng.reporters.JUnitReportReporter -->
<testsuite skipped="0" hostname="user-PC" name="test.test1" tests="1" failures="0" timestamp="26 May 2018 13:56:12 GMT" time="62.925" errors="0">
  <testcase name="testFacebookHome" time="62.925" classname="test.test1"/>
</testsuite> <!-- test.test1 -->
