<?xml version="1.0" encoding="UTF-8"?>
<!-- Generated by org.testng.reporters.JUnitReportReporter -->
<testsuite skipped="0" hostname="user-PC" name="test.test1" tests="1" failures="0" timestamp="27 May 2018 08:25:41 GMT" time="21.563" errors="0">
  <testcase name="testFacebookHome" time="21.563" classname="test.test1"/>
</testsuite> <!-- test.test1 -->
